{"C:\\Users\\parneet  kaur\\OneDrive\\Desktop\\smart-library-api\\src\\app.ts": {"path":"C:\\Users\\parneet  kaur\\OneDrive\\Desktop\\smart-library-api\\src\\app.ts","statementMap":{"0":{"start":{"line":1,"column":0},"end":{"line":1,"column":30}},"1":{"start":{"line":2,"column":0},"end":{"line":2,"column":24}},"2":{"start":{"line":3,"column":0},"end":{"line":3,"column":28}},"3":{"start":{"line":4,"column":0},"end":{"line":4,"column":28}},"4":{"start":{"line":6,"column":0},"end":{"line":6,"column":43}},"5":{"start":{"line":7,"column":0},"end":{"line":7,"column":26}},"6":{"start":{"line":9,"column":0},"end":{"line":9,"column":62}},"7":{"start":{"line":10,"column":0},"end":{"line":10,"column":66}},"8":{"start":{"line":11,"column":0},"end":{"line":11,"column":64}},"9":{"start":{"line":13,"column":0},"end":{"line":13,"column":63}},"10":{"start":{"line":16,"column":0},"end":{"line":16,"column":16}},"11":{"start":{"line":18,"column":12},"end":{"line":18,"column":21}},"12":{"start":{"line":19,"column":0},"end":{"line":19,"column":18}},"13":{"start":{"line":20,"column":0},"end":{"line":20,"column":16}},"14":{"start":{"line":21,"column":0},"end":{"line":21,"column":24}},"15":{"start":{"line":24,"column":24},"end":{"line":24,"column":60}},"16":{"start":{"line":25,"column":0},"end":{"line":25,"column":72}},"17":{"start":{"line":28,"column":0},"end":{"line":28,"column":38}},"18":{"start":{"line":29,"column":0},"end":{"line":29,"column":42}},"19":{"start":{"line":30,"column":0},"end":{"line":30,"column":40}},"20":{"start":{"line":31,"column":0},"end":{"line":31,"column":46}},"21":{"start":{"line":33,"column":0},"end":{"line":35,"column":3}},"22":{"start":{"line":34,"column":2},"end":{"line":34,"column":29}},"23":{"start":{"line":37,"column":0},"end":{"line":37,"column":19}}},"fnMap":{"0":{"name":"(anonymous_1)","decl":{"start":{"line":33,"column":19},"end":{"line":33,"column":20}},"loc":{"start":{"line":33,"column":33},"end":{"line":35,"column":1}}}},"branchMap":{},"s":{"0":4,"1":4,"2":4,"3":4,"4":4,"5":4,"6":4,"7":4,"8":4,"9":4,"10":4,"11":4,"12":4,"13":4,"14":4,"15":4,"16":4,"17":4,"18":4,"19":4,"20":4,"21":4,"22":2,"23":4},"f":{"0":2},"b":{}}
,"C:\\Users\\parneet  kaur\\OneDrive\\Desktop\\smart-library-api\\src\\config\\firebase.ts": {"path":"C:\\Users\\parneet  kaur\\OneDrive\\Desktop\\smart-library-api\\src\\config\\firebase.ts","statementMap":{"0":{"start":{"line":1,"column":0},"end":{"line":1,"column":35}},"1":{"start":{"line":2,"column":0},"end":{"line":2,"column":28}},"2":{"start":{"line":4,"column":0},"end":{"line":4,"column":16}},"3":{"start":{"line":6,"column":0},"end":{"line":14,"column":1}},"4":{"start":{"line":7,"column":2},"end":{"line":13,"column":5}},"5":{"start":{"line":16,"column":13},"end":{"line":16,"column":36}},"6":{"start":{"line":19,"column":33},"end":{"line":21,"column":1}},"7":{"start":{"line":20,"column":2},"end":{"line":20,"column":29}},"8":{"start":{"line":19,"column":13},"end":{"line":19,"column":33}}},"fnMap":{"0":{"name":"(anonymous_1)","decl":{"start":{"line":19,"column":33},"end":{"line":19,"column":38}},"loc":{"start":{"line":19,"column":44},"end":{"line":21,"column":1}}}},"branchMap":{"0":{"loc":{"start":{"line":6,"column":0},"end":{"line":14,"column":1}},"type":"if","locations":[{"start":{"line":6,"column":0},"end":{"line":14,"column":1}},{"start":{},"end":{}}]}},"s":{"0":13,"1":13,"2":13,"3":13,"4":13,"5":13,"6":13,"7":0,"8":13},"f":{"0":0},"b":{"0":[13,0]}}
,"C:\\Users\\parneet  kaur\\OneDrive\\Desktop\\smart-library-api\\src\\controllers\\books.controller.ts": {"path":"C:\\Users\\parneet  kaur\\OneDrive\\Desktop\\smart-library-api\\src\\controllers\\books.controller.ts","statementMap":{"0":{"start":{"line":4,"column":0},"end":{"line":4,"column":7}},"1":{"start":{"line":9,"column":0},"end":{"line":9,"column":7}},"2":{"start":{"line":14,"column":0},"end":{"line":14,"column":7}},"3":{"start":{"line":21,"column":0},"end":{"line":21,"column":7}},"4":{"start":{"line":28,"column":0},"end":{"line":28,"column":7}},"5":{"start":{"line":2,"column":0},"end":{"line":2,"column":53}},"6":{"start":{"line":5,"column":15},"end":{"line":5,"column":49}},"7":{"start":{"line":6,"column":2},"end":{"line":6,"column":29}},"8":{"start":{"line":10,"column":16},"end":{"line":10,"column":41}},"9":{"start":{"line":11,"column":2},"end":{"line":11,"column":18}},"10":{"start":{"line":15,"column":15},"end":{"line":15,"column":51}},"11":{"start":{"line":16,"column":2},"end":{"line":16,"column":72}},"12":{"start":{"line":16,"column":13},"end":{"line":16,"column":72}},"13":{"start":{"line":18,"column":2},"end":{"line":18,"column":17}},"14":{"start":{"line":22,"column":18},"end":{"line":22,"column":67}},"15":{"start":{"line":23,"column":2},"end":{"line":23,"column":75}},"16":{"start":{"line":23,"column":16},"end":{"line":23,"column":75}},"17":{"start":{"line":25,"column":2},"end":{"line":25,"column":20}},"18":{"start":{"line":29,"column":13},"end":{"line":29,"column":52}},"19":{"start":{"line":30,"column":2},"end":{"line":30,"column":70}},"20":{"start":{"line":30,"column":11},"end":{"line":30,"column":70}},"21":{"start":{"line":32,"column":2},"end":{"line":32,"column":25}}},"fnMap":{"0":{"name":"createBook","decl":{"start":{"line":4,"column":22},"end":{"line":4,"column":32}},"loc":{"start":{"line":4,"column":60},"end":{"line":7,"column":1}}},"1":{"name":"listBooks","decl":{"start":{"line":9,"column":22},"end":{"line":9,"column":31}},"loc":{"start":{"line":9,"column":60},"end":{"line":12,"column":1}}},"2":{"name":"getBook","decl":{"start":{"line":14,"column":22},"end":{"line":14,"column":29}},"loc":{"start":{"line":14,"column":57},"end":{"line":19,"column":1}}},"3":{"name":"updateBook","decl":{"start":{"line":21,"column":22},"end":{"line":21,"column":32}},"loc":{"start":{"line":21,"column":60},"end":{"line":26,"column":1}}},"4":{"name":"deleteBook","decl":{"start":{"line":28,"column":22},"end":{"line":28,"column":32}},"loc":{"start":{"line":28,"column":60},"end":{"line":33,"column":1}}}},"branchMap":{"0":{"loc":{"start":{"line":16,"column":2},"end":{"line":16,"column":72}},"type":"if","locations":[{"start":{"line":16,"column":2},"end":{"line":16,"column":72}},{"start":{},"end":{}}]},"1":{"loc":{"start":{"line":23,"column":2},"end":{"line":23,"column":75}},"type":"if","locations":[{"start":{"line":23,"column":2},"end":{"line":23,"column":75}},{"start":{},"end":{}}]},"2":{"loc":{"start":{"line":30,"column":2},"end":{"line":30,"column":70}},"type":"if","locations":[{"start":{"line":30,"column":2},"end":{"line":30,"column":70}},{"start":{},"end":{}}]}},"s":{"0":5,"1":5,"2":5,"3":5,"4":5,"5":5,"6":0,"7":0,"8":2,"9":2,"10":0,"11":0,"12":0,"13":0,"14":0,"15":0,"16":0,"17":0,"18":0,"19":0,"20":0,"21":0},"f":{"0":0,"1":2,"2":0,"3":0,"4":0},"b":{"0":[0,0],"1":[0,0],"2":[0,0]}}
,"C:\\Users\\parneet  kaur\\OneDrive\\Desktop\\smart-library-api\\src\\controllers\\borrow.controller.ts": {"path":"C:\\Users\\parneet  kaur\\OneDrive\\Desktop\\smart-library-api\\src\\controllers\\borrow.controller.ts","statementMap":{"0":{"start":{"line":4,"column":0},"end":{"line":4,"column":7}},"1":{"start":{"line":16,"column":0},"end":{"line":16,"column":7}},"2":{"start":{"line":27,"column":0},"end":{"line":27,"column":7}},"3":{"start":{"line":40,"column":0},"end":{"line":40,"column":7}},"4":{"start":{"line":2,"column":0},"end":{"line":2,"column":54}},"5":{"start":{"line":5,"column":38},"end":{"line":5,"column":46}},"6":{"start":{"line":7,"column":2},"end":{"line":13,"column":3}},"7":{"start":{"line":8,"column":19},"end":{"line":8,"column":70}},"8":{"start":{"line":9,"column":4},"end":{"line":9,"column":33}},"9":{"start":{"line":11,"column":4},"end":{"line":11,"column":55}},"10":{"start":{"line":12,"column":4},"end":{"line":12,"column":72}},"11":{"start":{"line":17,"column":2},"end":{"line":24,"column":3}},"12":{"start":{"line":18,"column":21},"end":{"line":18,"column":61}},"13":{"start":{"line":19,"column":20},"end":{"line":19,"column":61}},"14":{"start":{"line":20,"column":4},"end":{"line":20,"column":22}},"15":{"start":{"line":22,"column":4},"end":{"line":22,"column":55}},"16":{"start":{"line":23,"column":4},"end":{"line":23,"column":71}},"17":{"start":{"line":28,"column":2},"end":{"line":37,"column":3}},"18":{"start":{"line":29,"column":19},"end":{"line":29,"column":57}},"19":{"start":{"line":30,"column":4},"end":{"line":32,"column":5}},"20":{"start":{"line":31,"column":6},"end":{"line":31,"column":74}},"21":{"start":{"line":33,"column":4},"end":{"line":33,"column":21}},"22":{"start":{"line":35,"column":4},"end":{"line":35,"column":55}},"23":{"start":{"line":36,"column":4},"end":{"line":36,"column":69}},"24":{"start":{"line":41,"column":2},"end":{"line":50,"column":3}},"25":{"start":{"line":42,"column":20},"end":{"line":42,"column":61}},"26":{"start":{"line":43,"column":4},"end":{"line":45,"column":5}},"27":{"start":{"line":44,"column":6},"end":{"line":44,"column":74}},"28":{"start":{"line":46,"column":4},"end":{"line":46,"column":22}},"29":{"start":{"line":48,"column":4},"end":{"line":48,"column":59}},"30":{"start":{"line":49,"column":4},"end":{"line":49,"column":68}}},"fnMap":{"0":{"name":"createBorrow","decl":{"start":{"line":4,"column":22},"end":{"line":4,"column":34}},"loc":{"start":{"line":4,"column":62},"end":{"line":14,"column":1}}},"1":{"name":"listBorrowRecords","decl":{"start":{"line":16,"column":22},"end":{"line":16,"column":39}},"loc":{"start":{"line":16,"column":67},"end":{"line":25,"column":1}}},"2":{"name":"getBorrow","decl":{"start":{"line":27,"column":22},"end":{"line":27,"column":31}},"loc":{"start":{"line":27,"column":59},"end":{"line":38,"column":1}}},"3":{"name":"returnBook","decl":{"start":{"line":40,"column":22},"end":{"line":40,"column":32}},"loc":{"start":{"line":40,"column":60},"end":{"line":51,"column":1}}}},"branchMap":{"0":{"loc":{"start":{"line":30,"column":4},"end":{"line":32,"column":5}},"type":"if","locations":[{"start":{"line":30,"column":4},"end":{"line":32,"column":5}},{"start":{},"end":{}}]},"1":{"loc":{"start":{"line":43,"column":4},"end":{"line":45,"column":5}},"type":"if","locations":[{"start":{"line":43,"column":4},"end":{"line":45,"column":5}},{"start":{},"end":{}}]}},"s":{"0":5,"1":5,"2":5,"3":5,"4":5,"5":0,"6":0,"7":0,"8":0,"9":0,"10":0,"11":2,"12":2,"13":2,"14":2,"15":0,"16":0,"17":0,"18":0,"19":0,"20":0,"21":0,"22":0,"23":0,"24":0,"25":0,"26":0,"27":0,"28":0,"29":0,"30":0},"f":{"0":0,"1":2,"2":0,"3":0},"b":{"0":[0,0],"1":[0,0]}}
,"C:\\Users\\parneet  kaur\\OneDrive\\Desktop\\smart-library-api\\src\\controllers\\members.controller.ts": {"path":"C:\\Users\\parneet  kaur\\OneDrive\\Desktop\\smart-library-api\\src\\controllers\\members.controller.ts","statementMap":{"0":{"start":{"line":4,"column":0},"end":{"line":4,"column":7}},"1":{"start":{"line":9,"column":0},"end":{"line":9,"column":7}},"2":{"start":{"line":14,"column":0},"end":{"line":14,"column":7}},"3":{"start":{"line":22,"column":0},"end":{"line":22,"column":7}},"4":{"start":{"line":30,"column":0},"end":{"line":30,"column":7}},"5":{"start":{"line":2,"column":0},"end":{"line":2,"column":55}},"6":{"start":{"line":5,"column":17},"end":{"line":5,"column":53}},"7":{"start":{"line":6,"column":2},"end":{"line":6,"column":31}},"8":{"start":{"line":10,"column":18},"end":{"line":10,"column":45}},"9":{"start":{"line":11,"column":2},"end":{"line":11,"column":20}},"10":{"start":{"line":15,"column":17},"end":{"line":15,"column":55}},"11":{"start":{"line":16,"column":2},"end":{"line":18,"column":3}},"12":{"start":{"line":17,"column":4},"end":{"line":17,"column":65}},"13":{"start":{"line":19,"column":2},"end":{"line":19,"column":19}},"14":{"start":{"line":23,"column":18},"end":{"line":23,"column":69}},"15":{"start":{"line":24,"column":2},"end":{"line":26,"column":3}},"16":{"start":{"line":25,"column":4},"end":{"line":25,"column":65}},"17":{"start":{"line":27,"column":2},"end":{"line":27,"column":20}},"18":{"start":{"line":31,"column":13},"end":{"line":31,"column":54}},"19":{"start":{"line":32,"column":2},"end":{"line":34,"column":3}},"20":{"start":{"line":33,"column":4},"end":{"line":33,"column":65}},"21":{"start":{"line":35,"column":2},"end":{"line":35,"column":25}}},"fnMap":{"0":{"name":"createMember","decl":{"start":{"line":4,"column":22},"end":{"line":4,"column":34}},"loc":{"start":{"line":4,"column":62},"end":{"line":7,"column":1}}},"1":{"name":"listMembers","decl":{"start":{"line":9,"column":22},"end":{"line":9,"column":33}},"loc":{"start":{"line":9,"column":62},"end":{"line":12,"column":1}}},"2":{"name":"getMember","decl":{"start":{"line":14,"column":22},"end":{"line":14,"column":31}},"loc":{"start":{"line":14,"column":59},"end":{"line":20,"column":1}}},"3":{"name":"updateMember","decl":{"start":{"line":22,"column":22},"end":{"line":22,"column":34}},"loc":{"start":{"line":22,"column":62},"end":{"line":28,"column":1}}},"4":{"name":"deleteMember","decl":{"start":{"line":30,"column":22},"end":{"line":30,"column":34}},"loc":{"start":{"line":30,"column":62},"end":{"line":36,"column":1}}}},"branchMap":{"0":{"loc":{"start":{"line":16,"column":2},"end":{"line":18,"column":3}},"type":"if","locations":[{"start":{"line":16,"column":2},"end":{"line":18,"column":3}},{"start":{},"end":{}}]},"1":{"loc":{"start":{"line":24,"column":2},"end":{"line":26,"column":3}},"type":"if","locations":[{"start":{"line":24,"column":2},"end":{"line":26,"column":3}},{"start":{},"end":{}}]},"2":{"loc":{"start":{"line":32,"column":2},"end":{"line":34,"column":3}},"type":"if","locations":[{"start":{"line":32,"column":2},"end":{"line":34,"column":3}},{"start":{},"end":{}}]}},"s":{"0":5,"1":5,"2":5,"3":5,"4":5,"5":5,"6":0,"7":0,"8":2,"9":2,"10":0,"11":0,"12":0,"13":0,"14":0,"15":0,"16":0,"17":0,"18":0,"19":0,"20":0,"21":0},"f":{"0":0,"1":2,"2":0,"3":0,"4":0},"b":{"0":[0,0],"1":[0,0],"2":[0,0]}}
,"C:\\Users\\parneet  kaur\\OneDrive\\Desktop\\smart-library-api\\src\\controllers\\notifications.controller.ts": {"path":"C:\\Users\\parneet  kaur\\OneDrive\\Desktop\\smart-library-api\\src\\controllers\\notifications.controller.ts","statementMap":{"0":{"start":{"line":4,"column":0},"end":{"line":4,"column":7}},"1":{"start":{"line":2,"column":0},"end":{"line":2,"column":59}},"2":{"start":{"line":5,"column":2},"end":{"line":14,"column":3}},"3":{"start":{"line":6,"column":22},"end":{"line":6,"column":30}},"4":{"start":{"line":8,"column":4},"end":{"line":8,"column":72}},"5":{"start":{"line":10,"column":4},"end":{"line":10,"column":45}},"6":{"start":{"line":12,"column":4},"end":{"line":12,"column":52}},"7":{"start":{"line":13,"column":4},"end":{"line":13,"column":52}}},"fnMap":{"0":{"name":"sendTestEmail","decl":{"start":{"line":4,"column":22},"end":{"line":4,"column":35}},"loc":{"start":{"line":4,"column":63},"end":{"line":15,"column":1}}}},"branchMap":{},"s":{"0":4,"1":4,"2":0,"3":0,"4":0,"5":0,"6":0,"7":0},"f":{"0":0},"b":{}}
,"C:\\Users\\parneet  kaur\\OneDrive\\Desktop\\smart-library-api\\src\\middleware\\validate.ts": {"path":"C:\\Users\\parneet  kaur\\OneDrive\\Desktop\\smart-library-api\\src\\middleware\\validate.ts","statementMap":{"0":{"start":{"line":3,"column":0},"end":{"line":3,"column":16}},"1":{"start":{"line":4,"column":2},"end":{"line":19,"column":4}},"2":{"start":{"line":5,"column":29},"end":{"line":8,"column":6}},"3":{"start":{"line":10,"column":4},"end":{"line":15,"column":5}},"4":{"start":{"line":11,"column":6},"end":{"line":14,"column":9}},"5":{"start":{"line":13,"column":47},"end":{"line":13,"column":56}},"6":{"start":{"line":17,"column":4},"end":{"line":17,"column":21}},"7":{"start":{"line":18,"column":4},"end":{"line":18,"column":11}}},"fnMap":{"0":{"name":"validate","decl":{"start":{"line":3,"column":16},"end":{"line":3,"column":24}},"loc":{"start":{"line":3,"column":36},"end":{"line":20,"column":1}}},"1":{"name":"(anonymous_1)","decl":{"start":{"line":4,"column":9},"end":{"line":4,"column":10}},"loc":{"start":{"line":4,"column":61},"end":{"line":19,"column":3}}},"2":{"name":"(anonymous_2)","decl":{"start":{"line":13,"column":35},"end":{"line":13,"column":36}},"loc":{"start":{"line":13,"column":47},"end":{"line":13,"column":56}}}},"branchMap":{"0":{"loc":{"start":{"line":10,"column":4},"end":{"line":15,"column":5}},"type":"if","locations":[{"start":{"line":10,"column":4},"end":{"line":15,"column":5}},{"start":{},"end":{}}]}},"s":{"0":6,"1":24,"2":4,"3":4,"4":2,"5":2,"6":2,"7":2},"f":{"0":24,"1":4,"2":2},"b":{"0":[2,2]}}
,"C:\\Users\\parneet  kaur\\OneDrive\\Desktop\\smart-library-api\\src\\repositories\\books.repo.ts": {"path":"C:\\Users\\parneet  kaur\\OneDrive\\Desktop\\smart-library-api\\src\\repositories\\books.repo.ts","statementMap":{"0":{"start":{"line":13,"column":0},"end":{"line":13,"column":7}},"1":{"start":{"line":18,"column":0},"end":{"line":18,"column":7}},"2":{"start":{"line":23,"column":0},"end":{"line":23,"column":7}},"3":{"start":{"line":29,"column":0},"end":{"line":29,"column":7}},"4":{"start":{"line":40,"column":0},"end":{"line":40,"column":7}},"5":{"start":{"line":1,"column":0},"end":{"line":1,"column":40}},"6":{"start":{"line":3,"column":19},"end":{"line":3,"column":41}},"7":{"start":{"line":14,"column":17},"end":{"line":14,"column":43}},"8":{"start":{"line":15,"column":2},"end":{"line":15,"column":36}},"9":{"start":{"line":19,"column":15},"end":{"line":19,"column":37}},"10":{"start":{"line":20,"column":2},"end":{"line":20,"column":65}},"11":{"start":{"line":20,"column":29},"end":{"line":20,"column":63}},"12":{"start":{"line":24,"column":14},"end":{"line":24,"column":44}},"13":{"start":{"line":25,"column":2},"end":{"line":25,"column":31}},"14":{"start":{"line":25,"column":19},"end":{"line":25,"column":31}},"15":{"start":{"line":26,"column":2},"end":{"line":26,"column":47}},"16":{"start":{"line":30,"column":14},"end":{"line":30,"column":32}},"17":{"start":{"line":31,"column":14},"end":{"line":31,"column":29}},"18":{"start":{"line":32,"column":2},"end":{"line":32,"column":31}},"19":{"start":{"line":32,"column":19},"end":{"line":32,"column":31}},"20":{"start":{"line":34,"column":2},"end":{"line":34,"column":25}},"21":{"start":{"line":36,"column":18},"end":{"line":36,"column":33}},"22":{"start":{"line":37,"column":2},"end":{"line":37,"column":55}},"23":{"start":{"line":41,"column":14},"end":{"line":41,"column":32}},"24":{"start":{"line":42,"column":14},"end":{"line":42,"column":29}},"25":{"start":{"line":43,"column":2},"end":{"line":43,"column":32}},"26":{"start":{"line":43,"column":19},"end":{"line":43,"column":32}},"27":{"start":{"line":45,"column":2},"end":{"line":45,"column":21}},"28":{"start":{"line":46,"column":2},"end":{"line":46,"column":14}}},"fnMap":{"0":{"name":"createBook","decl":{"start":{"line":13,"column":22},"end":{"line":13,"column":32}},"loc":{"start":{"line":13,"column":43},"end":{"line":16,"column":1}}},"1":{"name":"getAllBooks","decl":{"start":{"line":18,"column":22},"end":{"line":18,"column":33}},"loc":{"start":{"line":18,"column":33},"end":{"line":21,"column":1}}},"2":{"name":"(anonymous_2)","decl":{"start":{"line":20,"column":23},"end":{"line":20,"column":24}},"loc":{"start":{"line":20,"column":29},"end":{"line":20,"column":63}}},"3":{"name":"getBookById","decl":{"start":{"line":23,"column":22},"end":{"line":23,"column":33}},"loc":{"start":{"line":23,"column":44},"end":{"line":27,"column":1}}},"4":{"name":"updateBook","decl":{"start":{"line":29,"column":22},"end":{"line":29,"column":32}},"loc":{"start":{"line":29,"column":64},"end":{"line":38,"column":1}}},"5":{"name":"deleteBook","decl":{"start":{"line":40,"column":22},"end":{"line":40,"column":32}},"loc":{"start":{"line":40,"column":43},"end":{"line":47,"column":1}}}},"branchMap":{"0":{"loc":{"start":{"line":25,"column":2},"end":{"line":25,"column":31}},"type":"if","locations":[{"start":{"line":25,"column":2},"end":{"line":25,"column":31}},{"start":{},"end":{}}]},"1":{"loc":{"start":{"line":32,"column":2},"end":{"line":32,"column":31}},"type":"if","locations":[{"start":{"line":32,"column":2},"end":{"line":32,"column":31}},{"start":{},"end":{}}]},"2":{"loc":{"start":{"line":43,"column":2},"end":{"line":43,"column":32}},"type":"if","locations":[{"start":{"line":43,"column":2},"end":{"line":43,"column":32}},{"start":{},"end":{}}]}},"s":{"0":8,"1":8,"2":8,"3":8,"4":8,"5":8,"6":8,"7":1,"8":1,"9":2,"10":2,"11":2,"12":1,"13":1,"14":0,"15":1,"16":1,"17":1,"18":1,"19":0,"20":1,"21":1,"22":1,"23":1,"24":1,"25":1,"26":0,"27":1,"28":1},"f":{"0":1,"1":2,"2":2,"3":1,"4":1,"5":1},"b":{"0":[0,1],"1":[0,1],"2":[0,1]}}
,"C:\\Users\\parneet  kaur\\OneDrive\\Desktop\\smart-library-api\\src\\repositories\\borrow.repo.ts": {"path":"C:\\Users\\parneet  kaur\\OneDrive\\Desktop\\smart-library-api\\src\\repositories\\borrow.repo.ts","statementMap":{"0":{"start":{"line":14,"column":0},"end":{"line":14,"column":7}},"1":{"start":{"line":21,"column":0},"end":{"line":21,"column":7}},"2":{"start":{"line":27,"column":0},"end":{"line":27,"column":7}},"3":{"start":{"line":32,"column":0},"end":{"line":32,"column":7}},"4":{"start":{"line":39,"column":0},"end":{"line":39,"column":7}},"5":{"start":{"line":1,"column":0},"end":{"line":1,"column":40}},"6":{"start":{"line":3,"column":19},"end":{"line":3,"column":49}},"7":{"start":{"line":17,"column":17},"end":{"line":17,"column":43}},"8":{"start":{"line":18,"column":2},"end":{"line":18,"column":36}},"9":{"start":{"line":22,"column":14},"end":{"line":22,"column":44}},"10":{"start":{"line":23,"column":2},"end":{"line":23,"column":31}},"11":{"start":{"line":23,"column":19},"end":{"line":23,"column":31}},"12":{"start":{"line":24,"column":2},"end":{"line":24,"column":55}},"13":{"start":{"line":28,"column":15},"end":{"line":28,"column":37}},"14":{"start":{"line":29,"column":2},"end":{"line":29,"column":73}},"15":{"start":{"line":29,"column":29},"end":{"line":29,"column":71}},"16":{"start":{"line":35,"column":15},"end":{"line":35,"column":71}},"17":{"start":{"line":36,"column":2},"end":{"line":36,"column":73}},"18":{"start":{"line":36,"column":29},"end":{"line":36,"column":71}},"19":{"start":{"line":40,"column":14},"end":{"line":40,"column":32}},"20":{"start":{"line":41,"column":14},"end":{"line":41,"column":29}},"21":{"start":{"line":42,"column":2},"end":{"line":42,"column":31}},"22":{"start":{"line":42,"column":19},"end":{"line":42,"column":31}},"23":{"start":{"line":44,"column":21},"end":{"line":44,"column":45}},"24":{"start":{"line":45,"column":2},"end":{"line":45,"column":35}},"25":{"start":{"line":47,"column":18},"end":{"line":47,"column":33}},"26":{"start":{"line":48,"column":2},"end":{"line":48,"column":63}}},"fnMap":{"0":{"name":"createBorrow","decl":{"start":{"line":14,"column":22},"end":{"line":14,"column":34}},"loc":{"start":{"line":15,"column":20},"end":{"line":19,"column":1}}},"1":{"name":"getBorrowById","decl":{"start":{"line":21,"column":22},"end":{"line":21,"column":35}},"loc":{"start":{"line":21,"column":46},"end":{"line":25,"column":1}}},"2":{"name":"getAllBorrowRecords","decl":{"start":{"line":27,"column":22},"end":{"line":27,"column":41}},"loc":{"start":{"line":27,"column":41},"end":{"line":30,"column":1}}},"3":{"name":"(anonymous_3)","decl":{"start":{"line":29,"column":23},"end":{"line":29,"column":24}},"loc":{"start":{"line":29,"column":29},"end":{"line":29,"column":71}}},"4":{"name":"getBorrowByMember","decl":{"start":{"line":32,"column":22},"end":{"line":32,"column":39}},"loc":{"start":{"line":33,"column":18},"end":{"line":37,"column":1}}},"5":{"name":"(anonymous_5)","decl":{"start":{"line":36,"column":23},"end":{"line":36,"column":24}},"loc":{"start":{"line":36,"column":29},"end":{"line":36,"column":71}}},"6":{"name":"markReturned","decl":{"start":{"line":39,"column":22},"end":{"line":39,"column":34}},"loc":{"start":{"line":39,"column":45},"end":{"line":49,"column":1}}}},"branchMap":{"0":{"loc":{"start":{"line":23,"column":2},"end":{"line":23,"column":31}},"type":"if","locations":[{"start":{"line":23,"column":2},"end":{"line":23,"column":31}},{"start":{},"end":{}}]},"1":{"loc":{"start":{"line":42,"column":2},"end":{"line":42,"column":31}},"type":"if","locations":[{"start":{"line":42,"column":2},"end":{"line":42,"column":31}},{"start":{},"end":{}}]}},"s":{"0":8,"1":8,"2":8,"3":8,"4":8,"5":8,"6":8,"7":1,"8":1,"9":1,"10":1,"11":0,"12":1,"13":2,"14":2,"15":3,"16":1,"17":1,"18":1,"19":1,"20":1,"21":1,"22":0,"23":1,"24":1,"25":1,"26":1},"f":{"0":1,"1":1,"2":2,"3":3,"4":1,"5":1,"6":1},"b":{"0":[0,1],"1":[0,1]}}
,"C:\\Users\\parneet  kaur\\OneDrive\\Desktop\\smart-library-api\\src\\repositories\\members.repo.ts": {"path":"C:\\Users\\parneet  kaur\\OneDrive\\Desktop\\smart-library-api\\src\\repositories\\members.repo.ts","statementMap":{"0":{"start":{"line":13,"column":0},"end":{"line":13,"column":7}},"1":{"start":{"line":18,"column":0},"end":{"line":18,"column":7}},"2":{"start":{"line":23,"column":0},"end":{"line":23,"column":7}},"3":{"start":{"line":29,"column":0},"end":{"line":29,"column":7}},"4":{"start":{"line":42,"column":0},"end":{"line":42,"column":7}},"5":{"start":{"line":1,"column":0},"end":{"line":1,"column":40}},"6":{"start":{"line":3,"column":19},"end":{"line":3,"column":43}},"7":{"start":{"line":14,"column":17},"end":{"line":14,"column":43}},"8":{"start":{"line":15,"column":2},"end":{"line":15,"column":36}},"9":{"start":{"line":19,"column":15},"end":{"line":19,"column":37}},"10":{"start":{"line":20,"column":2},"end":{"line":20,"column":67}},"11":{"start":{"line":20,"column":29},"end":{"line":20,"column":65}},"12":{"start":{"line":24,"column":14},"end":{"line":24,"column":44}},"13":{"start":{"line":25,"column":2},"end":{"line":25,"column":31}},"14":{"start":{"line":25,"column":19},"end":{"line":25,"column":31}},"15":{"start":{"line":26,"column":2},"end":{"line":26,"column":49}},"16":{"start":{"line":33,"column":14},"end":{"line":33,"column":32}},"17":{"start":{"line":34,"column":14},"end":{"line":34,"column":29}},"18":{"start":{"line":35,"column":2},"end":{"line":35,"column":31}},"19":{"start":{"line":35,"column":19},"end":{"line":35,"column":31}},"20":{"start":{"line":37,"column":2},"end":{"line":37,"column":25}},"21":{"start":{"line":38,"column":18},"end":{"line":38,"column":33}},"22":{"start":{"line":39,"column":2},"end":{"line":39,"column":57}},"23":{"start":{"line":43,"column":14},"end":{"line":43,"column":32}},"24":{"start":{"line":44,"column":14},"end":{"line":44,"column":29}},"25":{"start":{"line":45,"column":2},"end":{"line":45,"column":32}},"26":{"start":{"line":45,"column":19},"end":{"line":45,"column":32}},"27":{"start":{"line":47,"column":2},"end":{"line":47,"column":21}},"28":{"start":{"line":48,"column":2},"end":{"line":48,"column":14}}},"fnMap":{"0":{"name":"createMember","decl":{"start":{"line":13,"column":22},"end":{"line":13,"column":34}},"loc":{"start":{"line":13,"column":47},"end":{"line":16,"column":1}}},"1":{"name":"getAllMembers","decl":{"start":{"line":18,"column":22},"end":{"line":18,"column":35}},"loc":{"start":{"line":18,"column":35},"end":{"line":21,"column":1}}},"2":{"name":"(anonymous_2)","decl":{"start":{"line":20,"column":23},"end":{"line":20,"column":24}},"loc":{"start":{"line":20,"column":29},"end":{"line":20,"column":65}}},"3":{"name":"getMemberById","decl":{"start":{"line":23,"column":22},"end":{"line":23,"column":35}},"loc":{"start":{"line":23,"column":46},"end":{"line":27,"column":1}}},"4":{"name":"updateMember","decl":{"start":{"line":29,"column":22},"end":{"line":29,"column":34}},"loc":{"start":{"line":31,"column":23},"end":{"line":40,"column":1}}},"5":{"name":"deleteMember","decl":{"start":{"line":42,"column":22},"end":{"line":42,"column":34}},"loc":{"start":{"line":42,"column":45},"end":{"line":49,"column":1}}}},"branchMap":{"0":{"loc":{"start":{"line":25,"column":2},"end":{"line":25,"column":31}},"type":"if","locations":[{"start":{"line":25,"column":2},"end":{"line":25,"column":31}},{"start":{},"end":{}}]},"1":{"loc":{"start":{"line":35,"column":2},"end":{"line":35,"column":31}},"type":"if","locations":[{"start":{"line":35,"column":2},"end":{"line":35,"column":31}},{"start":{},"end":{}}]},"2":{"loc":{"start":{"line":45,"column":2},"end":{"line":45,"column":32}},"type":"if","locations":[{"start":{"line":45,"column":2},"end":{"line":45,"column":32}},{"start":{},"end":{}}]}},"s":{"0":8,"1":8,"2":8,"3":8,"4":8,"5":8,"6":8,"7":1,"8":1,"9":2,"10":2,"11":2,"12":1,"13":1,"14":0,"15":1,"16":1,"17":1,"18":1,"19":0,"20":1,"21":1,"22":1,"23":1,"24":1,"25":1,"26":0,"27":1,"28":1},"f":{"0":1,"1":2,"2":2,"3":1,"4":1,"5":1},"b":{"0":[0,1],"1":[0,1],"2":[0,1]}}
,"C:\\Users\\parneet  kaur\\OneDrive\\Desktop\\smart-library-api\\src\\routes\\books.routes.ts": {"path":"C:\\Users\\parneet  kaur\\OneDrive\\Desktop\\smart-library-api\\src\\routes\\books.routes.ts","statementMap":{"0":{"start":{"line":1,"column":0},"end":{"line":1,"column":33}},"1":{"start":{"line":2,"column":0},"end":{"line":2,"column":50}},"2":{"start":{"line":3,"column":0},"end":{"line":3,"column":79}},"3":{"start":{"line":4,"column":0},"end":{"line":4,"column":62}},"4":{"start":{"line":6,"column":13},"end":{"line":6,"column":31}},"5":{"start":{"line":8,"column":0},"end":{"line":8,"column":68}},"6":{"start":{"line":9,"column":0},"end":{"line":9,"column":38}},"7":{"start":{"line":10,"column":0},"end":{"line":10,"column":39}},"8":{"start":{"line":11,"column":0},"end":{"line":11,"column":72}},"9":{"start":{"line":12,"column":0},"end":{"line":12,"column":45}}},"fnMap":{},"branchMap":{},"s":{"0":4,"1":4,"2":4,"3":4,"4":4,"5":4,"6":4,"7":4,"8":4,"9":4},"f":{},"b":{}}
,"C:\\Users\\parneet  kaur\\OneDrive\\Desktop\\smart-library-api\\src\\routes\\borrow.routes.ts": {"path":"C:\\Users\\parneet  kaur\\OneDrive\\Desktop\\smart-library-api\\src\\routes\\borrow.routes.ts","statementMap":{"0":{"start":{"line":1,"column":0},"end":{"line":1,"column":33}},"1":{"start":{"line":2,"column":0},"end":{"line":2,"column":50}},"2":{"start":{"line":3,"column":0},"end":{"line":3,"column":65}},"3":{"start":{"line":4,"column":0},"end":{"line":4,"column":63}},"4":{"start":{"line":6,"column":13},"end":{"line":6,"column":31}},"5":{"start":{"line":9,"column":0},"end":{"line":9,"column":72}},"6":{"start":{"line":12,"column":0},"end":{"line":12,"column":46}},"7":{"start":{"line":15,"column":0},"end":{"line":15,"column":41}},"8":{"start":{"line":18,"column":0},"end":{"line":18,"column":51}}},"fnMap":{},"branchMap":{},"s":{"0":4,"1":4,"2":4,"3":4,"4":4,"5":4,"6":4,"7":4,"8":4},"f":{},"b":{}}
,"C:\\Users\\parneet  kaur\\OneDrive\\Desktop\\smart-library-api\\src\\routes\\members.routes.ts": {"path":"C:\\Users\\parneet  kaur\\OneDrive\\Desktop\\smart-library-api\\src\\routes\\members.routes.ts","statementMap":{"0":{"start":{"line":1,"column":0},"end":{"line":1,"column":33}},"1":{"start":{"line":2,"column":0},"end":{"line":2,"column":64}},"2":{"start":{"line":3,"column":0},"end":{"line":3,"column":50}},"3":{"start":{"line":4,"column":0},"end":{"line":4,"column":null}},"4":{"start":{"line":9,"column":13},"end":{"line":9,"column":31}},"5":{"start":{"line":11,"column":0},"end":{"line":11,"column":72}},"6":{"start":{"line":12,"column":0},"end":{"line":12,"column":40}},"7":{"start":{"line":13,"column":0},"end":{"line":13,"column":41}},"8":{"start":{"line":14,"column":0},"end":{"line":14,"column":76}},"9":{"start":{"line":15,"column":0},"end":{"line":15,"column":47}}},"fnMap":{},"branchMap":{},"s":{"0":4,"1":4,"2":4,"3":4,"4":4,"5":4,"6":4,"7":4,"8":4,"9":4},"f":{},"b":{}}
,"C:\\Users\\parneet  kaur\\OneDrive\\Desktop\\smart-library-api\\src\\routes\\notifications.routes.ts": {"path":"C:\\Users\\parneet  kaur\\OneDrive\\Desktop\\smart-library-api\\src\\routes\\notifications.routes.ts","statementMap":{"0":{"start":{"line":1,"column":0},"end":{"line":1,"column":33}},"1":{"start":{"line":2,"column":0},"end":{"line":2,"column":72}},"2":{"start":{"line":4,"column":15},"end":{"line":4,"column":23}},"3":{"start":{"line":6,"column":0},"end":{"line":6,"column":36}},"4":{"start":{"line":8,"column":0},"end":{"line":8,"column":22}}},"fnMap":{},"branchMap":{},"s":{"0":4,"1":4,"2":4,"3":4,"4":4},"f":{},"b":{}}
,"C:\\Users\\parneet  kaur\\OneDrive\\Desktop\\smart-library-api\\src\\services\\books.service.ts": {"path":"C:\\Users\\parneet  kaur\\OneDrive\\Desktop\\smart-library-api\\src\\services\\books.service.ts","statementMap":{"0":{"start":{"line":3,"column":0},"end":{"line":3,"column":16}},"1":{"start":{"line":7,"column":0},"end":{"line":7,"column":16}},"2":{"start":{"line":11,"column":0},"end":{"line":11,"column":16}},"3":{"start":{"line":15,"column":0},"end":{"line":15,"column":16}},"4":{"start":{"line":19,"column":0},"end":{"line":19,"column":16}},"5":{"start":{"line":1,"column":0},"end":{"line":1,"column":51}},"6":{"start":{"line":4,"column":2},"end":{"line":4,"column":31}},"7":{"start":{"line":8,"column":2},"end":{"line":8,"column":28}},"8":{"start":{"line":12,"column":2},"end":{"line":12,"column":30}},"9":{"start":{"line":16,"column":2},"end":{"line":16,"column":35}},"10":{"start":{"line":20,"column":2},"end":{"line":20,"column":29}}},"fnMap":{"0":{"name":"createBook","decl":{"start":{"line":3,"column":16},"end":{"line":3,"column":26}},"loc":{"start":{"line":3,"column":42},"end":{"line":5,"column":1}}},"1":{"name":"listBooks","decl":{"start":{"line":7,"column":16},"end":{"line":7,"column":25}},"loc":{"start":{"line":7,"column":25},"end":{"line":9,"column":1}}},"2":{"name":"getBook","decl":{"start":{"line":11,"column":16},"end":{"line":11,"column":23}},"loc":{"start":{"line":11,"column":34},"end":{"line":13,"column":1}}},"3":{"name":"updateBook","decl":{"start":{"line":15,"column":16},"end":{"line":15,"column":26}},"loc":{"start":{"line":15,"column":63},"end":{"line":17,"column":1}}},"4":{"name":"removeBook","decl":{"start":{"line":19,"column":16},"end":{"line":19,"column":26}},"loc":{"start":{"line":19,"column":37},"end":{"line":21,"column":1}}}},"branchMap":{},"s":{"0":7,"1":7,"2":7,"3":7,"4":7,"5":7,"6":0,"7":2,"8":1,"9":1,"10":1},"f":{"0":0,"1":2,"2":1,"3":1,"4":1},"b":{}}
,"C:\\Users\\parneet  kaur\\OneDrive\\Desktop\\smart-library-api\\src\\services\\borrow.service.ts": {"path":"C:\\Users\\parneet  kaur\\OneDrive\\Desktop\\smart-library-api\\src\\services\\borrow.service.ts","statementMap":{"0":{"start":{"line":3,"column":0},"end":{"line":3,"column":7}},"1":{"start":{"line":25,"column":0},"end":{"line":25,"column":7}},"2":{"start":{"line":32,"column":0},"end":{"line":32,"column":7}},"3":{"start":{"line":36,"column":0},"end":{"line":36,"column":7}},"4":{"start":{"line":1,"column":0},"end":{"line":1,"column":52}},"5":{"start":{"line":4,"column":14},"end":{"line":4,"column":24}},"6":{"start":{"line":5,"column":21},"end":{"line":5,"column":38}},"7":{"start":{"line":7,"column":19},"end":{"line":7,"column":24}},"8":{"start":{"line":8,"column":2},"end":{"line":12,"column":3}},"9":{"start":{"line":9,"column":16},"end":{"line":9,"column":29}},"10":{"start":{"line":10,"column":4},"end":{"line":10,"column":36}},"11":{"start":{"line":11,"column":4},"end":{"line":11,"column":35}},"12":{"start":{"line":14,"column":34},"end":{"line":20,"column":4}},"13":{"start":{"line":22,"column":2},"end":{"line":22,"column":33}},"14":{"start":{"line":26,"column":2},"end":{"line":28,"column":3}},"15":{"start":{"line":27,"column":4},"end":{"line":27,"column":44}},"16":{"start":{"line":29,"column":2},"end":{"line":29,"column":36}},"17":{"start":{"line":33,"column":2},"end":{"line":33,"column":32}},"18":{"start":{"line":37,"column":2},"end":{"line":37,"column":31}}},"fnMap":{"0":{"name":"createBorrow","decl":{"start":{"line":3,"column":22},"end":{"line":3,"column":34}},"loc":{"start":{"line":3,"column":83},"end":{"line":23,"column":1}}},"1":{"name":"listBorrowRecords","decl":{"start":{"line":25,"column":22},"end":{"line":25,"column":39}},"loc":{"start":{"line":25,"column":57},"end":{"line":30,"column":1}}},"2":{"name":"getBorrow","decl":{"start":{"line":32,"column":22},"end":{"line":32,"column":31}},"loc":{"start":{"line":32,"column":42},"end":{"line":34,"column":1}}},"3":{"name":"returnBorrow","decl":{"start":{"line":36,"column":22},"end":{"line":36,"column":34}},"loc":{"start":{"line":36,"column":45},"end":{"line":38,"column":1}}}},"branchMap":{"0":{"loc":{"start":{"line":8,"column":2},"end":{"line":12,"column":3}},"type":"if","locations":[{"start":{"line":8,"column":2},"end":{"line":12,"column":3}},{"start":{},"end":{}}]},"1":{"loc":{"start":{"line":26,"column":2},"end":{"line":28,"column":3}},"type":"if","locations":[{"start":{"line":26,"column":2},"end":{"line":28,"column":3}},{"start":{},"end":{}}]}},"s":{"0":7,"1":7,"2":7,"3":7,"4":7,"5":1,"6":1,"7":1,"8":1,"9":1,"10":1,"11":1,"12":1,"13":1,"14":2,"15":1,"16":1,"17":1,"18":1},"f":{"0":1,"1":2,"2":1,"3":1},"b":{"0":[1,0],"1":[1,1]}}
,"C:\\Users\\parneet  kaur\\OneDrive\\Desktop\\smart-library-api\\src\\services\\mail.service.ts": {"path":"C:\\Users\\parneet  kaur\\OneDrive\\Desktop\\smart-library-api\\src\\services\\mail.service.ts","statementMap":{"0":{"start":{"line":15,"column":0},"end":{"line":15,"column":7}},"1":{"start":{"line":1,"column":0},"end":{"line":1,"column":36}},"2":{"start":{"line":2,"column":0},"end":{"line":2,"column":28}},"3":{"start":{"line":4,"column":0},"end":{"line":4,"column":16}},"4":{"start":{"line":6,"column":21},"end":{"line":6,"column":49}},"5":{"start":{"line":7,"column":19},"end":{"line":7,"column":71}},"6":{"start":{"line":9,"column":0},"end":{"line":13,"column":1}},"7":{"start":{"line":10,"column":2},"end":{"line":10,"column":71}},"8":{"start":{"line":12,"column":2},"end":{"line":12,"column":33}},"9":{"start":{"line":16,"column":2},"end":{"line":19,"column":3}},"10":{"start":{"line":17,"column":4},"end":{"line":17,"column":57}},"11":{"start":{"line":18,"column":4},"end":{"line":18,"column":11}},"12":{"start":{"line":21,"column":14},"end":{"line":31,"column":4}},"13":{"start":{"line":33,"column":2},"end":{"line":33,"column":25}}},"fnMap":{"0":{"name":"sendBorrowEmail","decl":{"start":{"line":15,"column":22},"end":{"line":15,"column":37}},"loc":{"start":{"line":15,"column":82},"end":{"line":34,"column":1}}}},"branchMap":{"0":{"loc":{"start":{"line":7,"column":19},"end":{"line":7,"column":71}},"type":"binary-expr","locations":[{"start":{"line":7,"column":19},"end":{"line":7,"column":41}},{"start":{"line":7,"column":45},"end":{"line":7,"column":71}}]},"1":{"loc":{"start":{"line":9,"column":0},"end":{"line":13,"column":1}},"type":"if","locations":[{"start":{"line":9,"column":0},"end":{"line":13,"column":1}},{"start":{"line":11,"column":7},"end":{"line":13,"column":1}}]},"2":{"loc":{"start":{"line":16,"column":2},"end":{"line":19,"column":3}},"type":"if","locations":[{"start":{"line":16,"column":2},"end":{"line":19,"column":3}},{"start":{},"end":{}}]}},"s":{"0":4,"1":4,"2":4,"3":4,"4":4,"5":4,"6":4,"7":0,"8":4,"9":0,"10":0,"11":0,"12":0,"13":0},"f":{"0":0},"b":{"0":[4,0],"1":[0,4],"2":[0,0]}}
,"C:\\Users\\parneet  kaur\\OneDrive\\Desktop\\smart-library-api\\src\\services\\members.service.ts": {"path":"C:\\Users\\parneet  kaur\\OneDrive\\Desktop\\smart-library-api\\src\\services\\members.service.ts","statementMap":{"0":{"start":{"line":6,"column":0},"end":{"line":6,"column":7}},"1":{"start":{"line":18,"column":0},"end":{"line":18,"column":16}},"2":{"start":{"line":25,"column":0},"end":{"line":25,"column":16}},"3":{"start":{"line":32,"column":0},"end":{"line":32,"column":16}},"4":{"start":{"line":42,"column":0},"end":{"line":42,"column":16}},"5":{"start":{"line":1,"column":0},"end":{"line":1,"column":53}},"6":{"start":{"line":8,"column":34},"end":{"line":11,"column":4}},"7":{"start":{"line":12,"column":2},"end":{"line":12,"column":39}},"8":{"start":{"line":19,"column":2},"end":{"line":19,"column":30}},"9":{"start":{"line":26,"column":2},"end":{"line":26,"column":32}},"10":{"start":{"line":33,"column":2},"end":{"line":35,"column":3}},"11":{"start":{"line":34,"column":4},"end":{"line":34,"column":42}},"12":{"start":{"line":36,"column":2},"end":{"line":36,"column":37}},"13":{"start":{"line":43,"column":2},"end":{"line":43,"column":31}}},"fnMap":{"0":{"name":"createMember","decl":{"start":{"line":6,"column":22},"end":{"line":6,"column":34}},"loc":{"start":{"line":6,"column":52},"end":{"line":13,"column":1}}},"1":{"name":"listMembers","decl":{"start":{"line":18,"column":16},"end":{"line":18,"column":27}},"loc":{"start":{"line":18,"column":27},"end":{"line":20,"column":1}}},"2":{"name":"getMember","decl":{"start":{"line":25,"column":16},"end":{"line":25,"column":25}},"loc":{"start":{"line":25,"column":36},"end":{"line":27,"column":1}}},"3":{"name":"updateMember","decl":{"start":{"line":32,"column":16},"end":{"line":32,"column":28}},"loc":{"start":{"line":32,"column":67},"end":{"line":37,"column":1}}},"4":{"name":"removeMember","decl":{"start":{"line":42,"column":16},"end":{"line":42,"column":28}},"loc":{"start":{"line":42,"column":39},"end":{"line":44,"column":1}}}},"branchMap":{"0":{"loc":{"start":{"line":33,"column":2},"end":{"line":35,"column":3}},"type":"if","locations":[{"start":{"line":33,"column":2},"end":{"line":35,"column":3}},{"start":{},"end":{}}]}},"s":{"0":7,"1":7,"2":7,"3":7,"4":7,"5":7,"6":1,"7":1,"8":2,"9":1,"10":1,"11":0,"12":1,"13":1},"f":{"0":1,"1":2,"2":1,"3":1,"4":1},"b":{"0":[0,1]}}
,"C:\\Users\\parneet  kaur\\OneDrive\\Desktop\\smart-library-api\\src\\validation\\book.schema.ts": {"path":"C:\\Users\\parneet  kaur\\OneDrive\\Desktop\\smart-library-api\\src\\validation\\book.schema.ts","statementMap":{"0":{"start":{"line":1,"column":0},"end":{"line":1,"column":22}},"1":{"start":{"line":3,"column":13},"end":{"line":8,"column":3}},"2":{"start":{"line":10,"column":13},"end":{"line":15,"column":3}}},"fnMap":{},"branchMap":{},"s":{"0":4,"1":4,"2":4},"f":{},"b":{}}
,"C:\\Users\\parneet  kaur\\OneDrive\\Desktop\\smart-library-api\\src\\validation\\borrow.schema.ts": {"path":"C:\\Users\\parneet  kaur\\OneDrive\\Desktop\\smart-library-api\\src\\validation\\borrow.schema.ts","statementMap":{"0":{"start":{"line":1,"column":0},"end":{"line":1,"column":22}},"1":{"start":{"line":3,"column":13},"end":{"line":8,"column":3}}},"fnMap":{},"branchMap":{},"s":{"0":4,"1":4},"f":{},"b":{}}
,"C:\\Users\\parneet  kaur\\OneDrive\\Desktop\\smart-library-api\\src\\validation\\member.schema.ts": {"path":"C:\\Users\\parneet  kaur\\OneDrive\\Desktop\\smart-library-api\\src\\validation\\member.schema.ts","statementMap":{"0":{"start":{"line":1,"column":0},"end":{"line":1,"column":22}},"1":{"start":{"line":3,"column":13},"end":{"line":7,"column":3}},"2":{"start":{"line":9,"column":13},"end":{"line":13,"column":3}}},"fnMap":{},"branchMap":{},"s":{"0":4,"1":4,"2":4},"f":{},"b":{}}
}
