TN:
SF:src\app.ts
FN:33,(anonymous_1)
FNF:1
FNH:1
FNDA:2,(anonymous_1)
DA:1,4
DA:2,4
DA:3,4
DA:4,4
DA:6,4
DA:7,4
DA:9,4
DA:10,4
DA:11,4
DA:13,4
DA:16,4
DA:18,4
DA:19,4
DA:20,4
DA:21,4
DA:24,4
DA:25,4
DA:28,4
DA:29,4
DA:30,4
DA:31,4
DA:33,4
DA:34,2
DA:37,4
LF:24
LH:24
BRF:0
BRH:0
end_of_record
TN:
SF:src\config\firebase.ts
FN:19,(anonymous_1)
FNF:1
FNH:0
FNDA:0,(anonymous_1)
DA:1,13
DA:2,13
DA:4,13
DA:6,13
DA:7,13
DA:16,13
DA:19,13
DA:20,0
LF:8
LH:7
BRDA:6,0,0,13
BRDA:6,0,1,0
BRF:2
BRH:1
end_of_record
TN:
SF:src\controllers\books.controller.ts
FN:4,createBook
FN:9,listBooks
FN:14,getBook
FN:21,updateBook
FN:28,deleteBook
FNF:5
FNH:1
FNDA:0,createBook
FNDA:2,listBooks
FNDA:0,getBook
FNDA:0,updateBook
FNDA:0,deleteBook
DA:2,5
DA:4,5
DA:5,0
DA:6,0
DA:9,5
DA:10,2
DA:11,2
DA:14,5
DA:15,0
DA:16,0
DA:18,0
DA:21,5
DA:22,0
DA:23,0
DA:25,0
DA:28,5
DA:29,0
DA:30,0
DA:32,0
LF:19
LH:8
BRDA:16,0,0,0
BRDA:16,0,1,0
BRDA:23,1,0,0
BRDA:23,1,1,0
BRDA:30,2,0,0
BRDA:30,2,1,0
BRF:6
BRH:0
end_of_record
TN:
SF:src\controllers\borrow.controller.ts
FN:4,createBorrow
FN:16,listBorrowRecords
FN:27,getBorrow
FN:40,returnBook
FNF:4
FNH:1
FNDA:0,createBorrow
FNDA:2,listBorrowRecords
FNDA:0,getBorrow
FNDA:0,returnBook
DA:2,5
DA:4,5
DA:5,0
DA:7,0
DA:8,0
DA:9,0
DA:11,0
DA:12,0
DA:16,5
DA:17,2
DA:18,2
DA:19,2
DA:20,2
DA:22,0
DA:23,0
DA:27,5
DA:28,0
DA:29,0
DA:30,0
DA:31,0
DA:33,0
DA:35,0
DA:36,0
DA:40,5
DA:41,0
DA:42,0
DA:43,0
DA:44,0
DA:46,0
DA:48,0
DA:49,0
LF:31
LH:9
BRDA:30,0,0,0
BRDA:30,0,1,0
BRDA:43,1,0,0
BRDA:43,1,1,0
BRF:4
BRH:0
end_of_record
TN:
SF:src\controllers\members.controller.ts
FN:4,createMember
FN:9,listMembers
FN:14,getMember
FN:22,updateMember
FN:30,deleteMember
FNF:5
FNH:1
FNDA:0,createMember
FNDA:2,listMembers
FNDA:0,getMember
FNDA:0,updateMember
FNDA:0,deleteMember
DA:2,5
DA:4,5
DA:5,0
DA:6,0
DA:9,5
DA:10,2
DA:11,2
DA:14,5
DA:15,0
DA:16,0
DA:17,0
DA:19,0
DA:22,5
DA:23,0
DA:24,0
DA:25,0
DA:27,0
DA:30,5
DA:31,0
DA:32,0
DA:33,0
DA:35,0
LF:22
LH:8
BRDA:16,0,0,0
BRDA:16,0,1,0
BRDA:24,1,0,0
BRDA:24,1,1,0
BRDA:32,2,0,0
BRDA:32,2,1,0
BRF:6
BRH:0
end_of_record
TN:
SF:src\controllers\notifications.controller.ts
FN:4,sendTestEmail
FNF:1
FNH:0
FNDA:0,sendTestEmail
DA:2,4
DA:4,4
DA:5,0
DA:6,0
DA:8,0
DA:10,0
DA:12,0
DA:13,0
LF:8
LH:2
BRF:0
BRH:0
end_of_record
TN:
SF:src\middleware\validate.ts
FN:3,validate
FN:4,(anonymous_1)
FN:13,(anonymous_2)
FNF:3
FNH:3
FNDA:24,validate
FNDA:4,(anonymous_1)
FNDA:2,(anonymous_2)
DA:3,6
DA:4,24
DA:5,4
DA:10,4
DA:11,2
DA:13,2
DA:17,2
DA:18,2
LF:8
LH:8
BRDA:10,0,0,2
BRDA:10,0,1,2
BRF:2
BRH:2
end_of_record
TN:
SF:src\repositories\books.repo.ts
FN:13,createBook
FN:18,getAllBooks
FN:20,(anonymous_2)
FN:23,getBookById
FN:29,updateBook
FN:40,deleteBook
FNF:6
FNH:6
FNDA:1,createBook
FNDA:2,getAllBooks
FNDA:2,(anonymous_2)
FNDA:1,getBookById
FNDA:1,updateBook
FNDA:1,deleteBook
DA:1,8
DA:3,8
DA:13,8
DA:14,1
DA:15,1
DA:18,8
DA:19,2
DA:20,2
DA:23,8
DA:24,1
DA:25,1
DA:26,1
DA:29,8
DA:30,1
DA:31,1
DA:32,1
DA:34,1
DA:36,1
DA:37,1
DA:40,8
DA:41,1
DA:42,1
DA:43,1
DA:45,1
DA:46,1
LF:25
LH:25
BRDA:25,0,0,0
BRDA:25,0,1,1
BRDA:32,1,0,0
BRDA:32,1,1,1
BRDA:43,2,0,0
BRDA:43,2,1,1
BRF:6
BRH:3
end_of_record
TN:
SF:src\repositories\borrow.repo.ts
FN:14,createBorrow
FN:21,getBorrowById
FN:27,getAllBorrowRecords
FN:29,(anonymous_3)
FN:32,getBorrowByMember
FN:36,(anonymous_5)
FN:39,markReturned
FNF:7
FNH:7
FNDA:1,createBorrow
FNDA:1,getBorrowById
FNDA:2,getAllBorrowRecords
FNDA:3,(anonymous_3)
FNDA:1,getBorrowByMember
FNDA:1,(anonymous_5)
FNDA:1,markReturned
DA:1,8
DA:3,8
DA:14,8
DA:17,1
DA:18,1
DA:21,8
DA:22,1
DA:23,1
DA:24,1
DA:27,8
DA:28,2
DA:29,3
DA:32,8
DA:35,1
DA:36,1
DA:39,8
DA:40,1
DA:41,1
DA:42,1
DA:44,1
DA:45,1
DA:47,1
DA:48,1
LF:23
LH:23
BRDA:23,0,0,0
BRDA:23,0,1,1
BRDA:42,1,0,0
BRDA:42,1,1,1
BRF:4
BRH:2
end_of_record
TN:
SF:src\repositories\members.repo.ts
FN:13,createMember
FN:18,getAllMembers
FN:20,(anonymous_2)
FN:23,getMemberById
FN:29,updateMember
FN:42,deleteMember
FNF:6
FNH:6
FNDA:1,createMember
FNDA:2,getAllMembers
FNDA:2,(anonymous_2)
FNDA:1,getMemberById
FNDA:1,updateMember
FNDA:1,deleteMember
DA:1,8
DA:3,8
DA:13,8
DA:14,1
DA:15,1
DA:18,8
DA:19,2
DA:20,2
DA:23,8
DA:24,1
DA:25,1
DA:26,1
DA:29,8
DA:33,1
DA:34,1
DA:35,1
DA:37,1
DA:38,1
DA:39,1
DA:42,8
DA:43,1
DA:44,1
DA:45,1
DA:47,1
DA:48,1
LF:25
LH:25
BRDA:25,0,0,0
BRDA:25,0,1,1
BRDA:35,1,0,0
BRDA:35,1,1,1
BRDA:45,2,0,0
BRDA:45,2,1,1
BRF:6
BRH:3
end_of_record
TN:
SF:src\routes\books.routes.ts
FNF:0
FNH:0
DA:1,4
DA:2,4
DA:3,4
DA:4,4
DA:6,4
DA:8,4
DA:9,4
DA:10,4
DA:11,4
DA:12,4
LF:10
LH:10
BRF:0
BRH:0
end_of_record
TN:
SF:src\routes\borrow.routes.ts
FNF:0
FNH:0
DA:1,4
DA:2,4
DA:3,4
DA:4,4
DA:6,4
DA:9,4
DA:12,4
DA:15,4
DA:18,4
LF:9
LH:9
BRF:0
BRH:0
end_of_record
TN:
SF:src\routes\members.routes.ts
FNF:0
FNH:0
DA:1,4
DA:2,4
DA:3,4
DA:4,4
DA:9,4
DA:11,4
DA:12,4
DA:13,4
DA:14,4
DA:15,4
LF:10
LH:10
BRF:0
BRH:0
end_of_record
TN:
SF:src\routes\notifications.routes.ts
FNF:0
FNH:0
DA:1,4
DA:2,4
DA:4,4
DA:6,4
DA:8,4
LF:5
LH:5
BRF:0
BRH:0
end_of_record
TN:
SF:src\services\books.service.ts
FN:3,createBook
FN:7,listBooks
FN:11,getBook
FN:15,updateBook
FN:19,removeBook
FNF:5
FNH:4
FNDA:0,createBook
FNDA:2,listBooks
FNDA:1,getBook
FNDA:1,updateBook
FNDA:1,removeBook
DA:1,7
DA:3,7
DA:4,0
DA:7,7
DA:8,2
DA:11,7
DA:12,1
DA:15,7
DA:16,1
DA:19,7
DA:20,1
LF:11
LH:10
BRF:0
BRH:0
end_of_record
TN:
SF:src\services\borrow.service.ts
FN:3,createBorrow
FN:25,listBorrowRecords
FN:32,getBorrow
FN:36,returnBorrow
FNF:4
FNH:4
FNDA:1,createBorrow
FNDA:2,listBorrowRecords
FNDA:1,getBorrow
FNDA:1,returnBorrow
DA:1,7
DA:3,7
DA:4,1
DA:5,1
DA:7,1
DA:8,1
DA:9,1
DA:10,1
DA:11,1
DA:14,1
DA:22,1
DA:25,7
DA:26,2
DA:27,1
DA:29,1
DA:32,7
DA:33,1
DA:36,7
DA:37,1
LF:19
LH:19
BRDA:8,0,0,1
BRDA:8,0,1,0
BRDA:26,1,0,1
BRDA:26,1,1,1
BRF:4
BRH:3
end_of_record
TN:
SF:src\services\mail.service.ts
FN:15,sendBorrowEmail
FNF:1
FNH:0
FNDA:0,sendBorrowEmail
DA:1,4
DA:2,4
DA:4,4
DA:6,4
DA:7,4
DA:9,4
DA:10,0
DA:12,4
DA:15,4
DA:16,0
DA:17,0
DA:18,0
DA:21,0
DA:33,0
LF:14
LH:8
BRDA:7,0,0,4
BRDA:7,0,1,0
BRDA:9,1,0,0
BRDA:9,1,1,4
BRDA:16,2,0,0
BRDA:16,2,1,0
BRF:6
BRH:2
end_of_record
TN:
SF:src\services\members.service.ts
FN:6,createMember
FN:18,listMembers
FN:25,getMember
FN:32,updateMember
FN:42,removeMember
FNF:5
FNH:5
FNDA:1,createMember
FNDA:2,listMembers
FNDA:1,getMember
FNDA:1,updateMember
FNDA:1,removeMember
DA:1,7
DA:6,7
DA:8,1
DA:12,1
DA:18,7
DA:19,2
DA:25,7
DA:26,1
DA:32,7
DA:33,1
DA:34,0
DA:36,1
DA:42,7
DA:43,1
LF:14
LH:13
BRDA:33,0,0,0
BRDA:33,0,1,1
BRF:2
BRH:1
end_of_record
TN:
SF:src\validation\book.schema.ts
FNF:0
FNH:0
DA:1,4
DA:3,4
DA:10,4
LF:3
LH:3
BRF:0
BRH:0
end_of_record
TN:
SF:src\validation\borrow.schema.ts
FNF:0
FNH:0
DA:1,4
DA:3,4
LF:2
LH:2
BRF:0
BRH:0
end_of_record
TN:
SF:src\validation\member.schema.ts
FNF:0
FNH:0
DA:1,4
DA:3,4
DA:9,4
LF:3
LH:3
BRF:0
BRH:0
end_of_record
